1705264220695	geckodriver	INFO	Listening on 127.0.0.1:55666
1705264223939	mozrunner::runner	INFO	Running command: "C:\\Program Files\\Mozilla Firefox\\firefox.exe" "--marionette" "--remote-debugging-port" "55667" "--remote-allow-hosts" "localhost" "-no-remote" "-profile" "C:\\Users\\Admin\\AppData\\Local\\Temp\\rust_mozprofilexhxiMc"
console.warn: services.settings: Ignoring preference override of remote settings server
console.warn: services.settings: Allow by setting MOZ_REMOTE_SETTINGS_DEVTOOLS=1 in the environment
1705264224211	Marionette	INFO	Marionette enabled
Dynamically enable window occlusion 0
1705264224262	Marionette	INFO	Listening on port 55694
WebDriver BiDi listening on ws://127.0.0.1:55667
Read port: 55694
1705264224375	RemoteAgent	WARN	TLS certificate errors will be ignored for this session
DevTools listening on ws://127.0.0.1:55667/devtools/browser/0a9ca8d7-caaf-4dba-a891-bc4cb2d19b9a
JavaScript warning: https://www.gstatic.com/_/mss/boq-dots/_/js/k=boq-dots.DotsSplashUi_desktop_ms.en_CA.Yy4DvYHZm6I.es5.O/ck=boq-dots.DotsSplashUi_desktop_ms.W3gdQsL24IU.L.F4.O/am=GAspwCBZYAAM/d=1/exm=A7fCU,BBI74,BVgquf,BeJYtf,CLDLad,COQbmf,EBW0uc,EEDORb,EFQ78c,FSc7tf,FbcxRc,H4RQsd,IZT63,Iake0,JNoxi,JntzAe,K99qY,KG2eXe,KUM7Z,L1AAkb,LEikZe,MI6k7c,MdUzUe,Mlhmy,MpJwZc,Mq9n0c,MxVzvd,NwH0H,O1Gjze,O6y8ed,OTA3Ae,OmccEb,OmgaI,PHUIyb,PrPYRd,QIhFr,RLw19,RMhBfe,SdcwHb,ShAjaf,SpsfSb,U0aPgd,U4Hp0d,UUJqVe,UXJhUd,Uas9Hd,Ulmmrd,V3dDOb,VwDzFe,WO9ee,Whpzpe,XGmYob,XVMNvd,YV1Fke,Z5uLle,ZfAoz,ZwDk9d,_b,_tp,aW3pY,aXyUec,aurFic,byfTOb,duFQFc,e5qFLc,eYnyH,fFdwef,fKUV3e,gkizLe,gychg,hKSk3e,hT8rr,hc6Ubd,k3XnTe,kWgXee,kjKdXe,lazG7b,lsjVmc,lwOjSb,lwddkf,m9oV,mI3LFb,mdR7q,n73qwf,oovi3d,ovKuLd,pjICDe,pw70Gc,ryNBp,s39S4,soHxf,w9hDv,wg1P6b,ws9Tlc,xQtZb,xUdipf,xsFqcf,yDVVkb,ywOR5c,zSKCpd,zbML3c,zr1jrb,zthM6/excm=_b,_tp,search/ed=1/wt=2/ujg=1/rs=ALs0n2NNCSfGKyz81vdWcUR8Rp1kAbC5VA/ee=EVNhjf:pw70Gc;EmZ2Bf:zr1jrb;Erl4fe:FloWmf;G3BKud:E8sThf;JsbNhc:Xd8iUd;KFjtub:zthM6;LBgRLc:SdcwHb;Me32dd:MEeYgc;NPKaK:SdcwHb;NSEoX:eYnyH;Oj465e:KG2eXe;Pjplud:EEDORb;QGR0gd:Mlhmy;SNUn3:ZwDk9d;ZwIgGc:lwOjSb;a56pNe:JEfCwb;cEt90b:ws9Tlc;dIoSBb:SpsfSb;eBAeSb:zbML3c;iFQyKf:QIhFr;io8t5d:yDVVkb;kDu84d:hECoeb;kMFpHd:OTA3Ae;nAFL3:s39S4;oGtAuc:sOXFj;pXdRYb:MdUzUe;qddgKe:xQtZb;sP4Vbe:VwDzFe;uY49fb:COQbmf;ul9GGd:VDovNc;up4Zyb:qY1Xef;wR5FRb:O1Gjze;xqZiqf:BBI74;yxTchf:KUM7Z;zxnPse:duFQFc/m=RqjULd, line 14: Script terminated by timeout at:
e@https://www.gstatic.com/_/mss/boq-dots/_/js/k=boq-dots.DotsSplashUi_desktop_ms.en_CA.Yy4DvYHZm6I.es5.O/ck=boq-dots.DotsSplashUi_desktop_ms.W3gdQsL24IU.L.F4.O/am=GAspwCBZYAAM/d=1/exm=A7fCU,BBI74,BVgquf,BeJYtf,CLDLad,COQbmf,EBW0uc,EEDORb,EFQ78c,FSc7tf,FbcxRc,H4RQsd,IZT63,Iake0,JNoxi,JntzAe,K99qY,KG2eXe,KUM7Z,L1AAkb,LEikZe,MI6k7c,MdUzUe,Mlhmy,MpJwZc,Mq9n0c,MxVzvd,NwH0H,O1Gjze,O6y8ed,OTA3Ae,OmccEb,OmgaI,PHUIyb,PrPYRd,QIhFr,RLw19,RMhBfe,SdcwHb,ShAjaf,SpsfSb,U0aPgd,U4Hp0d,UUJqVe,UXJhUd,Uas9Hd,Ulmmrd,V3dDOb,VwDzFe,WO9ee,Whpzpe,XGmYob,XVMNvd,YV1Fke,Z5uLle,ZfAoz,ZwDk9d,_b,_tp,aW3pY,aXyUec,aurFic,byfTOb,duFQFc,e5qFLc,eYnyH,fFdwef,fKUV3e,gkizLe,gychg,hKSk3e,hT8rr,hc6Ubd,k3XnTe,kWgXee,kjKdXe,lazG7b,lsjVmc,lwOjSb,lwddkf,m9oV,mI3LFb,mdR7q,n73qwf,oovi3d,ovKuLd,pjICDe,pw70Gc,ryNBp,s39S4,soHxf,w9hDv,wg1P6b,ws9Tlc,xQtZb,xUdipf,xsFqcf,yDVVkb,ywOR5c,zSKCpd,zbML3c,zr1jrb,zthM6/excm=_b,_tp,search/ed=1/wt=2/ujg=1/rs=ALs0n2NNCSfGKyz81vdWcUR8Rp1kAbC5VA/ee=EVNhjf:pw70Gc;EmZ2Bf:zr1jrb;Erl4fe:FloWmf;G3BKud:E8sThf;JsbNhc:Xd8iUd;KFjtub:zthM6;LBgRLc:SdcwHb;Me32dd:MEeYgc;NPKaK:SdcwHb;NSEoX:eYnyH;Oj465e:KG2eXe;Pjplud:EEDORb;QGR0gd:Mlhmy;SNUn3:ZwDk9d;ZwIgGc:lwOjSb;a56pNe:JEfCwb;cEt90b:ws9Tlc;dIoSBb:SpsfSb;eBAeSb:zbML3c;iFQyKf:QIhFr;io8t5d:yDVVkb;kDu84d:hECoeb;kMFpHd:OTA3Ae;nAFL3:s39S4;oGtAuc:sOXFj;pXdRYb:MdUzUe;qddgKe:xQtZb;sP4Vbe:VwDzFe;uY49fb:COQbmf;ul9GGd:VDovNc;up4Zyb:qY1Xef;wR5FRb:O1Gjze;xqZiqf:BBI74;yxTchf:KUM7Z;zxnPse:duFQFc/m=RqjULd:14:33
Rva/<@https://www.gstatic.com/_/mss/boq-dots/_/js/k=boq-dots.DotsSplashUi_desktop_ms.en_CA.Yy4DvYHZm6I.es5.O/ck=boq-dots.DotsSplashUi_desktop_ms.W3gdQsL24IU.L.F4.O/am=GAspwCBZYAAM/d=1/exm=A7fCU,BBI74,BVgquf,BeJYtf,CLDLad,COQbmf,EBW0uc,EEDORb,EFQ78c,FSc7tf,FbcxRc,H4RQsd,IZT63,Iake0,JNoxi,JntzAe,K99qY,KG2eXe,KUM7Z,L1AAkb,LEikZe,MI6k7c,MdUzUe,Mlhmy,MpJwZc,Mq9n0c,MxVzvd,NwH0H,O1Gjze,O6y8ed,OTA3Ae,OmccEb,OmgaI,PHUIyb,PrPYRd,QIhFr,RLw19,RMhBfe,SdcwHb,ShAjaf,SpsfSb,U0aPgd,U4Hp0d,UUJqVe,UXJhUd,Uas9Hd,Ulmmrd,V3dDOb,VwDzFe,WO9ee,Whpzpe,XGmYob,XVMNvd,YV1Fke,Z5uLle,ZfAoz,ZwDk9d,_b,_tp,aW3pY,aXyUec,aurFic,byfTOb,duFQFc,e5qFLc,eYnyH,fFdwef,fKUV3e,gkizLe,gychg,hKSk3e,hT8rr,hc6Ubd,k3XnTe,kWgXee,kjKdXe,lazG7b,lsjVmc,lwOjSb,lwddkf,m9oV,mI3LFb,mdR7q,n73qwf,oovi3d,ovKuLd,pjICDe,pw70Gc,ryNBp,s39S4,soHxf,w9hDv,wg1P6b,ws9Tlc,xQtZb,xUdipf,xsFqcf,yDVVkb,ywOR5c,zSKCpd,zbML3c,zr1jrb,zthM6/excm=_b,_tp,search/ed=1/wt=2/ujg=1/rs=ALs0n2NNCSfGKyz81vdWcUR8Rp1kAbC5VA/ee=EVNhjf:pw70Gc;EmZ2Bf:zr1jrb;Erl4fe:FloWmf;G3BKud:E8sThf;JsbNhc:Xd8iUd;KFjtub:zthM6;LBgRLc:SdcwHb;Me32dd:MEeYgc;NPKaK:SdcwHb;NSEoX:eYnyH;Oj465e:KG2eXe;Pjplud:EEDORb;QGR0gd:Mlhmy;SNUn3:ZwDk9d;ZwIgGc:lwOjSb;a56pNe:JEfCwb;cEt90b:ws9Tlc;dIoSBb:SpsfSb;eBAeSb:zbML3c;iFQyKf:QIhFr;io8t5d:yDVVkb;kDu84d:hECoeb;kMFpHd:OTA3Ae;nAFL3:s39S4;oGtAuc:sOXFj;pXdRYb:MdUzUe;qddgKe:xQtZb;sP4Vbe:VwDzFe;uY49fb:COQbmf;ul9GGd:VDovNc;up4Zyb:qY1Xef;wR5FRb:O1Gjze;xqZiqf:BBI74;yxTchf:KUM7Z;zxnPse:duFQFc/m=RqjULd:15:30
c@https://www.gstatic.com/_/mss/boq-dots/_/js/k=boq-dots.DotsSplashUi_desktop_ms.en_CA.Yy4DvYHZm6I.es5.O/ck=boq-dots.DotsSplashUi_desktop_ms.W3gdQsL24IU.L.F4.O/am=GAspwCBZYAAM/d=1/exm=A7fCU,BBI74,BVgquf,BeJYtf,CLDLad,COQbmf,EBW0uc,EEDORb,EFQ78c,FSc7tf,FbcxRc,H4RQsd,IZT63,Iake0,JNoxi,JntzAe,K99qY,KG2eXe,KUM7Z,L1AAkb,LEikZe,MI6k7c,MdUzUe,Mlhmy,MpJwZc,Mq9n0c,MxVzvd,NwH0H,O1Gjze,O6y8ed,OTA3Ae,OmccEb,OmgaI,PHUIyb,PrPYRd,QIhFr,RLw19,RMhBfe,SdcwHb,ShAjaf,SpsfSb,U0aPgd,U4Hp0d,UUJqVe,UXJhUd,Uas9Hd,Ulmmrd,V3dDOb,VwDzFe,WO9ee,Whpzpe,XGmYob,XVMNvd,YV1Fke,Z5uLle,ZfAoz,ZwDk9d,_b,_tp,aW3pY,aXyUec,aurFic,byfTOb,duFQFc,e5qFLc,eYnyH,fFdwef,fKUV3e,gkizLe,gychg,hKSk3e,hT8rr,hc6Ubd,k3XnTe,kWgXee,kjKdXe,lazG7b,lsjVmc,lwOjSb,lwddkf,m9oV,mI3LFb,mdR7q,n73qwf,oovi3d,ovKuLd,pjICDe,pw70Gc,ryNBp,s39S4,soHxf,w9hDv,wg1P6b,ws9Tlc,xQtZb,xUdipf,xsFqcf,yDVVkb,ywOR5c,zSKCpd,zbML3c,zr1jrb,zthM6/excm=_b,_tp,search/ed=1/wt=2/ujg=1/rs=ALs0n2NNCSfGKyz81vdWcUR8Rp1kAbC5VA/ee=EVNhjf:pw70Gc;EmZ2Bf:zr1jrb;Erl4fe:FloWmf;G3BKud:E8sThf;JsbNhc:Xd8iUd;KFjtub:zthM6;LBgRLc:SdcwHb;Me32dd:MEeYgc;NPKaK:SdcwHb;NSEoX:eYnyH;Oj465e:KG2eXe;Pjplud:EEDORb;QGR0gd:Mlhmy;SNUn3:ZwDk9d;ZwIgGc:lwOjSb;a56pNe:JEfCwb;cEt90b:ws9Tlc;dIoSBb:SpsfSb;eBAeSb:zbML3c;iFQyKf:QIhFr;io8t5d:yDVVkb;kDu84d:hECoeb;kMFpHd:OTA3Ae;nAFL3:s39S4;oGtAuc:sOXFj;pXdRYb:MdUzUe;qddgKe:xQtZb;sP4Vbe:VwDzFe;uY49fb:COQbmf;ul9GGd:VDovNc;up4Zyb:qY1Xef;wR5FRb:O1Gjze;xqZiqf:BBI74;yxTchf:KUM7Z;zxnPse:duFQFc/m=RqjULd:10:1946

1705264239669	Marionette	INFO	Stopped listening on port 55694
Dynamically enable window occlusion 1
1705264358547	geckodriver	INFO	Listening on 127.0.0.1:56161
1705264361765	mozrunner::runner	INFO	Running command: "C:\\Program Files\\Mozilla Firefox\\firefox.exe" "--marionette" "--remote-debugging-port" "56162" "--remote-allow-hosts" "localhost" "-no-remote" "-profile" "C:\\Users\\Admin\\AppData\\Local\\Temp\\rust_mozprofileWCXlKu"
console.warn: services.settings: Ignoring preference override of remote settings server
console.warn: services.settings: Allow by setting MOZ_REMOTE_SETTINGS_DEVTOOLS=1 in the environment
1705264361998	Marionette	INFO	Marionette enabled
Dynamically enable window occlusion 0
1705264362042	Marionette	INFO	Listening on port 56181
WebDriver BiDi listening on ws://127.0.0.1:56162
Read port: 56181
1705264362136	RemoteAgent	WARN	TLS certificate errors will be ignored for this session
DevTools listening on ws://127.0.0.1:56162/devtools/browser/b333790a-501c-4d9f-99af-156be1ee7e85
1705264392510	addons.xpi	ERROR	System addon update list error SyntaxError: XMLHttpRequest.open: 'http://%(server)s/dummy-system-addons.xml' is not a valid URL.
console.log: "RemoteSettingsWorker error: DataError: IndexedDB: records, timestamps execute() Data provided to an operation does not meet requirements."
console.error: (new RemoteSettingsWorkerError("DataError: IndexedDB: records, timestamps execute() Data provided to an operation does not meet requirements.", "resource://services-settings/RemoteSettingsWorker.sys.mjs", 34))
console.warn: LoginRecipes: "Falling back to a synchronous message for: https://news.google.com."
JavaScript error: , line 0: NotFoundError: No such JSWindowActor 'DevToolsFrame'
JavaScript error: , line 0: NotFoundError: No such JSWindowActor 'DevToolsFrame'
JavaScript error: , line 0: NotFoundError: No such JSWindowActor 'DevToolsFrame'
1705265280931	Marionette	INFO	Stopped listening on port 56181
Dynamically enable window occlusion 1
JavaScript error: chrome://remote/content/marionette/cert.sys.mjs, line 51: NS_ERROR_NOT_AVAILABLE: Component returned failure code: 0x80040111 (NS_ERROR_NOT_AVAILABLE) [nsICertOverrideService.setDisableAllSecurityChecksAndLetAttackersInterceptMyData]
!!! error running onStopped callback: TypeError: callback is not a function
1705265280975	WebDriver BiDi	ERROR	Failed to stop protocol: [Exception... "Component returned failure code: 0x80040111 (NS_ERROR_NOT_AVAILABLE) [nsICertOverrideService.setDisableAllSecurityChecksAndLetAttackersInterceptMyData]"  nsresult: "0x80040111 (NS_ERROR_NOT_AVAILABLE)"  location: "JS frame :: chrome://remote/content/marionette/cert.sys.mjs :: allowAllCerts.disable :: line 51"  data: no] Stack trace: allowAllCerts.disable()@cert.sys.mjs:51
destroy()@Session.sys.mjs:239
deleteSession()@WebDriverBiDi.sys.mjs:140
stop()@WebDriverBiDi.sys.mjs:228
observe()@resource://gre/modules/AsyncShutdown.sys.mjs:573
